<?xml version="1.0" encoding="UTF-8"?>
<!-- Generated by org.testng.reporters.JUnitReportReporter -->
<testsuite skipped="0" hostname="Ecstatic-Conjurer" name="com.bestbuy.automation.testing.tests.SignOnPage_Test" tests="1" failures="0" timestamp="21 May 2017 18:11:12 GMT" time="24.253" errors="0">
  <testcase name="test_signInPage" time="24.253" classname="com.bestbuy.automation.testing.tests.SignOnPage_Test"/>
</testsuite> <!-- com.bestbuy.automation.testing.tests.SignOnPage_Test -->
