<?xml version="1.0" encoding="UTF-8"?>
<!-- Generated by org.testng.reporters.JUnitReportReporter -->
<testsuite skipped="0" hostname="Ecstatic-Conjurer" name="com.bestbuy.automation.testing.tests.SignOnPage_Test" tests="1" failures="0" timestamp="29 May 2017 11:51:48 GMT" time="50.777" errors="0">
  <testcase name="test_signInPage" time="50.777" classname="com.bestbuy.automation.testing.tests.SignOnPage_Test"/>
</testsuite> <!-- com.bestbuy.automation.testing.tests.SignOnPage_Test -->
